[2021-05-04 22:09:02,594] {taskinstance.py:877} INFO - Dependencies all met for <TaskInstance: nyt_bestsellers_ETL.load_nyt_best_sellers 2021-05-04T22:03:49.985184+00:00 [queued]>
[2021-05-04 22:09:02,690] {taskinstance.py:877} INFO - Dependencies all met for <TaskInstance: nyt_bestsellers_ETL.load_nyt_best_sellers 2021-05-04T22:03:49.985184+00:00 [queued]>
[2021-05-04 22:09:02,696] {taskinstance.py:1068} INFO - 
--------------------------------------------------------------------------------
[2021-05-04 22:09:02,700] {taskinstance.py:1069} INFO - Starting attempt 1 of 4
[2021-05-04 22:09:02,702] {taskinstance.py:1070} INFO - 
--------------------------------------------------------------------------------
[2021-05-04 22:09:02,743] {taskinstance.py:1089} INFO - Executing <Task(_PythonDecoratedOperator): load_nyt_best_sellers> on 2021-05-04T22:03:49.985184+00:00
[2021-05-04 22:09:02,762] {standard_task_runner.py:52} INFO - Started process 58 to run task
[2021-05-04 22:09:02,791] {standard_task_runner.py:76} INFO - Running: ['airflow', 'tasks', 'run', 'nyt_bestsellers_ETL', 'load_nyt_best_sellers', '2021-05-04T22:03:49.985184+00:00', '--job-id', '50', '--pool', 'default_pool', '--raw', '--subdir', 'DAGS_FOLDER/NYT_best_sellers_ETL_dag.py', '--cfg-path', '/tmp/tmpr84lafuz', '--error-file', '/tmp/tmp6jgu3db_']
[2021-05-04 22:09:02,803] {standard_task_runner.py:77} INFO - Job 50: Subtask load_nyt_best_sellers
[2021-05-04 22:09:02,938] {logging_mixin.py:104} INFO - Running <TaskInstance: nyt_bestsellers_ETL.load_nyt_best_sellers 2021-05-04T22:03:49.985184+00:00 [running]> on host 7ea6c36b275b
[2021-05-04 22:09:03,112] {taskinstance.py:1283} INFO - Exporting the following env vars:
AIRFLOW_CTX_DAG_EMAIL=thomasmolloyorm@gmail.com
AIRFLOW_CTX_DAG_OWNER=Thomas
AIRFLOW_CTX_DAG_ID=nyt_bestsellers_ETL
AIRFLOW_CTX_TASK_ID=load_nyt_best_sellers
AIRFLOW_CTX_EXECUTION_DATE=2021-05-04T22:03:49.985184+00:00
AIRFLOW_CTX_DAG_RUN_ID=scheduled__2021-05-04T22:03:49.985184+00:00
[2021-05-04 22:09:03,328] {taskinstance.py:1192} INFO - Marking task as SUCCESS. dag_id=nyt_bestsellers_ETL, task_id=load_nyt_best_sellers, execution_date=20210504T220349, start_date=20210504T220902, end_date=20210504T220903
[2021-05-04 22:09:03,412] {taskinstance.py:1246} INFO - 0 downstream tasks scheduled from follow-on schedule check
[2021-05-04 22:09:03,468] {local_task_job.py:146} INFO - Task exited with return code 0
