[2021-05-04 18:55:15,540] {taskinstance.py:877} INFO - Dependencies all met for <TaskInstance: nyt_bestsellers_ETL.extract_nyt_best_sellers 2021-05-04T18:45:00.765641+00:00 [queued]>
[2021-05-04 18:55:15,804] {taskinstance.py:877} INFO - Dependencies all met for <TaskInstance: nyt_bestsellers_ETL.extract_nyt_best_sellers 2021-05-04T18:45:00.765641+00:00 [queued]>
[2021-05-04 18:55:15,812] {taskinstance.py:1068} INFO - 
--------------------------------------------------------------------------------
[2021-05-04 18:55:15,826] {taskinstance.py:1069} INFO - Starting attempt 1 of 4
[2021-05-04 18:55:15,829] {taskinstance.py:1070} INFO - 
--------------------------------------------------------------------------------
[2021-05-04 18:55:15,904] {taskinstance.py:1089} INFO - Executing <Task(_PythonDecoratedOperator): extract_nyt_best_sellers> on 2021-05-04T18:45:00.765641+00:00
[2021-05-04 18:55:15,927] {standard_task_runner.py:52} INFO - Started process 41 to run task
[2021-05-04 18:55:16,065] {standard_task_runner.py:76} INFO - Running: ['airflow', 'tasks', 'run', 'nyt_bestsellers_ETL', 'extract_nyt_best_sellers', '2021-05-04T18:45:00.765641+00:00', '--job-id', '13', '--pool', 'default_pool', '--raw', '--subdir', 'DAGS_FOLDER/NYT_best_sellers_ETL_dag.py', '--cfg-path', '/tmp/tmp4czu8ffy', '--error-file', '/tmp/tmpzocbb5r9']
[2021-05-04 18:55:16,080] {standard_task_runner.py:77} INFO - Job 13: Subtask extract_nyt_best_sellers
[2021-05-04 18:55:16,782] {logging_mixin.py:104} INFO - Running <TaskInstance: nyt_bestsellers_ETL.extract_nyt_best_sellers 2021-05-04T18:45:00.765641+00:00 [running]> on host 175e6ac31e6c
[2021-05-04 18:55:17,139] {taskinstance.py:1283} INFO - Exporting the following env vars:
AIRFLOW_CTX_DAG_EMAIL=thomasmolloyorm@gmail.com
AIRFLOW_CTX_DAG_OWNER=Thomas
AIRFLOW_CTX_DAG_ID=nyt_bestsellers_ETL
AIRFLOW_CTX_TASK_ID=extract_nyt_best_sellers
AIRFLOW_CTX_EXECUTION_DATE=2021-05-04T18:45:00.765641+00:00
AIRFLOW_CTX_DAG_RUN_ID=scheduled__2021-05-04T18:45:00.765641+00:00
[2021-05-04 18:55:19,826] {taskinstance.py:1192} INFO - Marking task as SUCCESS. dag_id=nyt_bestsellers_ETL, task_id=extract_nyt_best_sellers, execution_date=20210504T184500, start_date=20210504T185515, end_date=20210504T185519
[2021-05-04 18:55:20,004] {taskinstance.py:1246} INFO - 1 downstream tasks scheduled from follow-on schedule check
[2021-05-04 18:55:20,072] {local_task_job.py:146} INFO - Task exited with return code 0
