[2021-05-04 19:25:29,278] {taskinstance.py:877} INFO - Dependencies all met for <TaskInstance: nyt_bestsellers_ETL.transform_nyt_best_sellers 2021-05-04T19:15:22.136422+00:00 [queued]>
[2021-05-04 19:25:29,375] {taskinstance.py:877} INFO - Dependencies all met for <TaskInstance: nyt_bestsellers_ETL.transform_nyt_best_sellers 2021-05-04T19:15:22.136422+00:00 [queued]>
[2021-05-04 19:25:29,381] {taskinstance.py:1068} INFO - 
--------------------------------------------------------------------------------
[2021-05-04 19:25:29,389] {taskinstance.py:1069} INFO - Starting attempt 1 of 4
[2021-05-04 19:25:29,391] {taskinstance.py:1070} INFO - 
--------------------------------------------------------------------------------
[2021-05-04 19:25:29,425] {taskinstance.py:1089} INFO - Executing <Task(_PythonDecoratedOperator): transform_nyt_best_sellers> on 2021-05-04T19:15:22.136422+00:00
[2021-05-04 19:25:29,458] {standard_task_runner.py:52} INFO - Started process 54 to run task
[2021-05-04 19:25:29,493] {standard_task_runner.py:76} INFO - Running: ['airflow', 'tasks', 'run', 'nyt_bestsellers_ETL', 'transform_nyt_best_sellers', '2021-05-04T19:15:22.136422+00:00', '--job-id', '30', '--pool', 'default_pool', '--raw', '--subdir', 'DAGS_FOLDER/NYT_best_sellers_ETL_dag.py', '--cfg-path', '/tmp/tmpq7e6amsu', '--error-file', '/tmp/tmpkxdv13dp']
[2021-05-04 19:25:29,506] {standard_task_runner.py:77} INFO - Job 30: Subtask transform_nyt_best_sellers
[2021-05-04 19:25:29,862] {logging_mixin.py:104} INFO - Running <TaskInstance: nyt_bestsellers_ETL.transform_nyt_best_sellers 2021-05-04T19:15:22.136422+00:00 [running]> on host 175e6ac31e6c
[2021-05-04 19:25:30,197] {taskinstance.py:1283} INFO - Exporting the following env vars:
AIRFLOW_CTX_DAG_EMAIL=thomasmolloyorm@gmail.com
AIRFLOW_CTX_DAG_OWNER=Thomas
AIRFLOW_CTX_DAG_ID=nyt_bestsellers_ETL
AIRFLOW_CTX_TASK_ID=transform_nyt_best_sellers
AIRFLOW_CTX_EXECUTION_DATE=2021-05-04T19:15:22.136422+00:00
AIRFLOW_CTX_DAG_RUN_ID=scheduled__2021-05-04T19:15:22.136422+00:00
[2021-05-04 19:25:30,447] {taskinstance.py:1192} INFO - Marking task as SUCCESS. dag_id=nyt_bestsellers_ETL, task_id=transform_nyt_best_sellers, execution_date=20210504T191522, start_date=20210504T192529, end_date=20210504T192530
[2021-05-04 19:25:30,581] {taskinstance.py:1246} INFO - 1 downstream tasks scheduled from follow-on schedule check
[2021-05-04 19:25:30,660] {local_task_job.py:146} INFO - Task exited with return code 0
