[2021-05-04 01:23:00,809] {taskinstance.py:877} INFO - Dependencies all met for <TaskInstance: nyt_bestsellers_ETL.extract_nyt_best_sellers 2021-05-04T01:12:15.973471+00:00 [queued]>
[2021-05-04 01:23:00,929] {taskinstance.py:877} INFO - Dependencies all met for <TaskInstance: nyt_bestsellers_ETL.extract_nyt_best_sellers 2021-05-04T01:12:15.973471+00:00 [queued]>
[2021-05-04 01:23:00,947] {taskinstance.py:1068} INFO - 
--------------------------------------------------------------------------------
[2021-05-04 01:23:00,958] {taskinstance.py:1069} INFO - Starting attempt 1 of 4
[2021-05-04 01:23:00,966] {taskinstance.py:1070} INFO - 
--------------------------------------------------------------------------------
[2021-05-04 01:23:01,440] {taskinstance.py:1089} INFO - Executing <Task(_PythonDecoratedOperator): extract_nyt_best_sellers> on 2021-05-04T01:12:15.973471+00:00
[2021-05-04 01:23:01,554] {standard_task_runner.py:52} INFO - Started process 43 to run task
[2021-05-04 01:23:01,670] {standard_task_runner.py:76} INFO - Running: ['airflow', 'tasks', 'run', 'nyt_bestsellers_ETL', 'extract_nyt_best_sellers', '2021-05-04T01:12:15.973471+00:00', '--job-id', '3', '--pool', 'default_pool', '--raw', '--subdir', 'DAGS_FOLDER/NYT_best_sellers_ETL_dag.py', '--cfg-path', '/tmp/tmpdifyb9t6', '--error-file', '/tmp/tmp_0ql_s0k']
[2021-05-04 01:23:01,940] {standard_task_runner.py:77} INFO - Job 3: Subtask extract_nyt_best_sellers
[2021-05-04 01:23:04,875] {logging_mixin.py:104} INFO - Running <TaskInstance: nyt_bestsellers_ETL.extract_nyt_best_sellers 2021-05-04T01:12:15.973471+00:00 [running]> on host fa75f6481755
[2021-05-04 01:23:07,996] {taskinstance.py:1283} INFO - Exporting the following env vars:
AIRFLOW_CTX_DAG_EMAIL=thomasmolloyorm@gmail.com
AIRFLOW_CTX_DAG_OWNER=Thomas
AIRFLOW_CTX_DAG_ID=nyt_bestsellers_ETL
AIRFLOW_CTX_TASK_ID=extract_nyt_best_sellers
AIRFLOW_CTX_EXECUTION_DATE=2021-05-04T01:12:15.973471+00:00
AIRFLOW_CTX_DAG_RUN_ID=scheduled__2021-05-04T01:12:15.973471+00:00
[2021-05-04 01:23:12,414] {crypto.py:82} WARNING - empty cryptography key - values will not be stored encrypted.
[2021-05-04 01:23:13,141] {taskinstance.py:1192} INFO - Marking task as SUCCESS. dag_id=nyt_bestsellers_ETL, task_id=extract_nyt_best_sellers, execution_date=20210504T011215, start_date=20210504T012300, end_date=20210504T012313
[2021-05-04 01:23:14,401] {local_task_job.py:188} WARNING - State of this instance has been externally set to success. Terminating instance.
[2021-05-04 01:23:14,506] {process_utils.py:100} INFO - Sending Signals.SIGTERM to GPID 43
[2021-05-04 01:23:14,527] {taskinstance.py:1265} ERROR - Received SIGTERM. Terminating subprocesses.
[2021-05-04 01:23:14,739] {process_utils.py:66} INFO - Process psutil.Process(pid=43, status='terminated', exitcode=1, started='01:23:00') (43) terminated with exit code 1
