[2021-05-04 19:33:43,090] {taskinstance.py:877} INFO - Dependencies all met for <TaskInstance: nyt_bestsellers_ETL.transform_nyt_best_sellers 2021-05-04T19:23:32.206172+00:00 [queued]>
[2021-05-04 19:33:43,202] {taskinstance.py:877} INFO - Dependencies all met for <TaskInstance: nyt_bestsellers_ETL.transform_nyt_best_sellers 2021-05-04T19:23:32.206172+00:00 [queued]>
[2021-05-04 19:33:43,205] {taskinstance.py:1068} INFO - 
--------------------------------------------------------------------------------
[2021-05-04 19:33:43,208] {taskinstance.py:1069} INFO - Starting attempt 1 of 4
[2021-05-04 19:33:43,211] {taskinstance.py:1070} INFO - 
--------------------------------------------------------------------------------
[2021-05-04 19:33:43,308] {taskinstance.py:1089} INFO - Executing <Task(_PythonDecoratedOperator): transform_nyt_best_sellers> on 2021-05-04T19:23:32.206172+00:00
[2021-05-04 19:33:43,346] {standard_task_runner.py:52} INFO - Started process 48 to run task
[2021-05-04 19:33:43,417] {standard_task_runner.py:76} INFO - Running: ['airflow', 'tasks', 'run', 'nyt_bestsellers_ETL', 'transform_nyt_best_sellers', '2021-05-04T19:23:32.206172+00:00', '--job-id', '35', '--pool', 'default_pool', '--raw', '--subdir', 'DAGS_FOLDER/NYT_best_sellers_ETL_dag.py', '--cfg-path', '/tmp/tmpk69ba2wi', '--error-file', '/tmp/tmpcx1xhals']
[2021-05-04 19:33:43,431] {standard_task_runner.py:77} INFO - Job 35: Subtask transform_nyt_best_sellers
[2021-05-04 19:33:44,546] {logging_mixin.py:104} INFO - Running <TaskInstance: nyt_bestsellers_ETL.transform_nyt_best_sellers 2021-05-04T19:23:32.206172+00:00 [running]> on host a610db18d944
[2021-05-04 19:33:45,503] {taskinstance.py:1283} INFO - Exporting the following env vars:
AIRFLOW_CTX_DAG_EMAIL=thomasmolloyorm@gmail.com
AIRFLOW_CTX_DAG_OWNER=Thomas
AIRFLOW_CTX_DAG_ID=nyt_bestsellers_ETL
AIRFLOW_CTX_TASK_ID=transform_nyt_best_sellers
AIRFLOW_CTX_EXECUTION_DATE=2021-05-04T19:23:32.206172+00:00
AIRFLOW_CTX_DAG_RUN_ID=scheduled__2021-05-04T19:23:32.206172+00:00
[2021-05-04 19:33:45,744] {taskinstance.py:1192} INFO - Marking task as SUCCESS. dag_id=nyt_bestsellers_ETL, task_id=transform_nyt_best_sellers, execution_date=20210504T192332, start_date=20210504T193343, end_date=20210504T193345
[2021-05-04 19:33:46,155] {taskinstance.py:1246} INFO - 1 downstream tasks scheduled from follow-on schedule check
[2021-05-04 19:33:46,206] {local_task_job.py:146} INFO - Task exited with return code 0
