[2021-05-04 22:08:56,876] {taskinstance.py:877} INFO - Dependencies all met for <TaskInstance: nyt_bestsellers_ETL.transform_nyt_best_sellers 2021-05-04T22:03:49.985184+00:00 [queued]>
[2021-05-04 22:08:57,098] {taskinstance.py:877} INFO - Dependencies all met for <TaskInstance: nyt_bestsellers_ETL.transform_nyt_best_sellers 2021-05-04T22:03:49.985184+00:00 [queued]>
[2021-05-04 22:08:57,100] {taskinstance.py:1068} INFO - 
--------------------------------------------------------------------------------
[2021-05-04 22:08:57,102] {taskinstance.py:1069} INFO - Starting attempt 1 of 4
[2021-05-04 22:08:57,104] {taskinstance.py:1070} INFO - 
--------------------------------------------------------------------------------
[2021-05-04 22:08:57,142] {taskinstance.py:1089} INFO - Executing <Task(_PythonDecoratedOperator): transform_nyt_best_sellers> on 2021-05-04T22:03:49.985184+00:00
[2021-05-04 22:08:57,158] {standard_task_runner.py:52} INFO - Started process 56 to run task
[2021-05-04 22:08:57,182] {standard_task_runner.py:76} INFO - Running: ['airflow', 'tasks', 'run', 'nyt_bestsellers_ETL', 'transform_nyt_best_sellers', '2021-05-04T22:03:49.985184+00:00', '--job-id', '49', '--pool', 'default_pool', '--raw', '--subdir', 'DAGS_FOLDER/NYT_best_sellers_ETL_dag.py', '--cfg-path', '/tmp/tmpqu3_ue6d', '--error-file', '/tmp/tmp0p7kmhj5']
[2021-05-04 22:08:57,185] {standard_task_runner.py:77} INFO - Job 49: Subtask transform_nyt_best_sellers
[2021-05-04 22:08:57,320] {logging_mixin.py:104} INFO - Running <TaskInstance: nyt_bestsellers_ETL.transform_nyt_best_sellers 2021-05-04T22:03:49.985184+00:00 [running]> on host 7ea6c36b275b
[2021-05-04 22:08:57,500] {taskinstance.py:1283} INFO - Exporting the following env vars:
AIRFLOW_CTX_DAG_EMAIL=thomasmolloyorm@gmail.com
AIRFLOW_CTX_DAG_OWNER=Thomas
AIRFLOW_CTX_DAG_ID=nyt_bestsellers_ETL
AIRFLOW_CTX_TASK_ID=transform_nyt_best_sellers
AIRFLOW_CTX_EXECUTION_DATE=2021-05-04T22:03:49.985184+00:00
AIRFLOW_CTX_DAG_RUN_ID=scheduled__2021-05-04T22:03:49.985184+00:00
[2021-05-04 22:08:57,774] {taskinstance.py:1192} INFO - Marking task as SUCCESS. dag_id=nyt_bestsellers_ETL, task_id=transform_nyt_best_sellers, execution_date=20210504T220349, start_date=20210504T220856, end_date=20210504T220857
[2021-05-04 22:08:58,665] {taskinstance.py:1246} INFO - 0 downstream tasks scheduled from follow-on schedule check
[2021-05-04 22:08:59,065] {local_task_job.py:146} INFO - Task exited with return code 0
