[2021-05-04 19:15:38,012] {taskinstance.py:877} INFO - Dependencies all met for <TaskInstance: nyt_bestsellers_ETL.extract_nyt_best_sellers 2021-05-04T19:05:22.136422+00:00 [queued]>
[2021-05-04 19:15:38,339] {taskinstance.py:877} INFO - Dependencies all met for <TaskInstance: nyt_bestsellers_ETL.extract_nyt_best_sellers 2021-05-04T19:05:22.136422+00:00 [queued]>
[2021-05-04 19:15:38,347] {taskinstance.py:1068} INFO - 
--------------------------------------------------------------------------------
[2021-05-04 19:15:38,354] {taskinstance.py:1069} INFO - Starting attempt 1 of 4
[2021-05-04 19:15:38,360] {taskinstance.py:1070} INFO - 
--------------------------------------------------------------------------------
[2021-05-04 19:15:38,448] {taskinstance.py:1089} INFO - Executing <Task(_PythonDecoratedOperator): extract_nyt_best_sellers> on 2021-05-04T19:05:22.136422+00:00
[2021-05-04 19:15:38,588] {standard_task_runner.py:52} INFO - Started process 44 to run task
[2021-05-04 19:15:38,704] {standard_task_runner.py:76} INFO - Running: ['airflow', 'tasks', 'run', 'nyt_bestsellers_ETL', 'extract_nyt_best_sellers', '2021-05-04T19:05:22.136422+00:00', '--job-id', '25', '--pool', 'default_pool', '--raw', '--subdir', 'DAGS_FOLDER/NYT_best_sellers_ETL_dag.py', '--cfg-path', '/tmp/tmp5sgx9xc5', '--error-file', '/tmp/tmpt051q2n1']
[2021-05-04 19:15:38,719] {standard_task_runner.py:77} INFO - Job 25: Subtask extract_nyt_best_sellers
[2021-05-04 19:15:39,507] {logging_mixin.py:104} INFO - Running <TaskInstance: nyt_bestsellers_ETL.extract_nyt_best_sellers 2021-05-04T19:05:22.136422+00:00 [running]> on host 175e6ac31e6c
[2021-05-04 19:15:40,251] {taskinstance.py:1283} INFO - Exporting the following env vars:
AIRFLOW_CTX_DAG_EMAIL=thomasmolloyorm@gmail.com
AIRFLOW_CTX_DAG_OWNER=Thomas
AIRFLOW_CTX_DAG_ID=nyt_bestsellers_ETL
AIRFLOW_CTX_TASK_ID=extract_nyt_best_sellers
AIRFLOW_CTX_EXECUTION_DATE=2021-05-04T19:05:22.136422+00:00
AIRFLOW_CTX_DAG_RUN_ID=scheduled__2021-05-04T19:05:22.136422+00:00
[2021-05-04 19:15:42,882] {taskinstance.py:1192} INFO - Marking task as SUCCESS. dag_id=nyt_bestsellers_ETL, task_id=extract_nyt_best_sellers, execution_date=20210504T190522, start_date=20210504T191538, end_date=20210504T191542
[2021-05-04 19:15:43,068] {taskinstance.py:1246} INFO - 1 downstream tasks scheduled from follow-on schedule check
[2021-05-04 19:15:43,133] {local_task_job.py:146} INFO - Task exited with return code 0
