[2021-05-04 19:00:44,372] {taskinstance.py:877} INFO - Dependencies all met for <TaskInstance: nyt_bestsellers_ETL.extract_nyt_best_sellers 2021-05-04T19:00:32.762282+00:00 [queued]>
[2021-05-04 19:00:44,584] {taskinstance.py:877} INFO - Dependencies all met for <TaskInstance: nyt_bestsellers_ETL.extract_nyt_best_sellers 2021-05-04T19:00:32.762282+00:00 [queued]>
[2021-05-04 19:00:44,586] {taskinstance.py:1068} INFO - 
--------------------------------------------------------------------------------
[2021-05-04 19:00:44,588] {taskinstance.py:1069} INFO - Starting attempt 1 of 4
[2021-05-04 19:00:44,589] {taskinstance.py:1070} INFO - 
--------------------------------------------------------------------------------
[2021-05-04 19:00:44,620] {taskinstance.py:1089} INFO - Executing <Task(_PythonDecoratedOperator): extract_nyt_best_sellers> on 2021-05-04T19:00:32.762282+00:00
[2021-05-04 19:00:44,635] {standard_task_runner.py:52} INFO - Started process 51 to run task
[2021-05-04 19:00:44,672] {standard_task_runner.py:76} INFO - Running: ['airflow', 'tasks', 'run', 'nyt_bestsellers_ETL', 'extract_nyt_best_sellers', '2021-05-04T19:00:32.762282+00:00', '--job-id', '18', '--pool', 'default_pool', '--raw', '--subdir', 'DAGS_FOLDER/NYT_best_sellers_ETL_dag.py', '--cfg-path', '/tmp/tmp9511_8mw', '--error-file', '/tmp/tmpoy4ru3vd']
[2021-05-04 19:00:44,683] {standard_task_runner.py:77} INFO - Job 18: Subtask extract_nyt_best_sellers
[2021-05-04 19:00:44,865] {logging_mixin.py:104} INFO - Running <TaskInstance: nyt_bestsellers_ETL.extract_nyt_best_sellers 2021-05-04T19:00:32.762282+00:00 [running]> on host 175e6ac31e6c
[2021-05-04 19:00:45,125] {taskinstance.py:1283} INFO - Exporting the following env vars:
AIRFLOW_CTX_DAG_EMAIL=thomasmolloyorm@gmail.com
AIRFLOW_CTX_DAG_OWNER=Thomas
AIRFLOW_CTX_DAG_ID=nyt_bestsellers_ETL
AIRFLOW_CTX_TASK_ID=extract_nyt_best_sellers
AIRFLOW_CTX_EXECUTION_DATE=2021-05-04T19:00:32.762282+00:00
AIRFLOW_CTX_DAG_RUN_ID=manual__2021-05-04T19:00:32.762282+00:00
[2021-05-04 19:00:46,815] {taskinstance.py:1192} INFO - Marking task as SUCCESS. dag_id=nyt_bestsellers_ETL, task_id=extract_nyt_best_sellers, execution_date=20210504T190032, start_date=20210504T190044, end_date=20210504T190046
[2021-05-04 19:00:47,085] {taskinstance.py:1246} INFO - 1 downstream tasks scheduled from follow-on schedule check
[2021-05-04 19:00:47,260] {local_task_job.py:146} INFO - Task exited with return code 0
