[2021-05-04 22:04:11,534] {taskinstance.py:877} INFO - Dependencies all met for <TaskInstance: nyt_bestsellers_ETL.extract_nyt_best_sellers 2021-05-04T21:58:49.985184+00:00 [queued]>
[2021-05-04 22:04:11,586] {taskinstance.py:877} INFO - Dependencies all met for <TaskInstance: nyt_bestsellers_ETL.extract_nyt_best_sellers 2021-05-04T21:58:49.985184+00:00 [queued]>
[2021-05-04 22:04:11,591] {taskinstance.py:1068} INFO - 
--------------------------------------------------------------------------------
[2021-05-04 22:04:11,594] {taskinstance.py:1069} INFO - Starting attempt 1 of 4
[2021-05-04 22:04:11,597] {taskinstance.py:1070} INFO - 
--------------------------------------------------------------------------------
[2021-05-04 22:04:11,622] {taskinstance.py:1089} INFO - Executing <Task(_PythonDecoratedOperator): extract_nyt_best_sellers> on 2021-05-04T21:58:49.985184+00:00
[2021-05-04 22:04:11,631] {standard_task_runner.py:52} INFO - Started process 46 to run task
[2021-05-04 22:04:11,650] {standard_task_runner.py:76} INFO - Running: ['airflow', 'tasks', 'run', 'nyt_bestsellers_ETL', 'extract_nyt_best_sellers', '2021-05-04T21:58:49.985184+00:00', '--job-id', '44', '--pool', 'default_pool', '--raw', '--subdir', 'DAGS_FOLDER/NYT_best_sellers_ETL_dag.py', '--cfg-path', '/tmp/tmp_37f_ney', '--error-file', '/tmp/tmpb8sndpvj']
[2021-05-04 22:04:11,654] {standard_task_runner.py:77} INFO - Job 44: Subtask extract_nyt_best_sellers
[2021-05-04 22:04:11,820] {logging_mixin.py:104} INFO - Running <TaskInstance: nyt_bestsellers_ETL.extract_nyt_best_sellers 2021-05-04T21:58:49.985184+00:00 [running]> on host 7ea6c36b275b
[2021-05-04 22:04:11,931] {taskinstance.py:1283} INFO - Exporting the following env vars:
AIRFLOW_CTX_DAG_EMAIL=thomasmolloyorm@gmail.com
AIRFLOW_CTX_DAG_OWNER=Thomas
AIRFLOW_CTX_DAG_ID=nyt_bestsellers_ETL
AIRFLOW_CTX_TASK_ID=extract_nyt_best_sellers
AIRFLOW_CTX_EXECUTION_DATE=2021-05-04T21:58:49.985184+00:00
AIRFLOW_CTX_DAG_RUN_ID=scheduled__2021-05-04T21:58:49.985184+00:00
[2021-05-04 22:04:13,329] {taskinstance.py:1192} INFO - Marking task as SUCCESS. dag_id=nyt_bestsellers_ETL, task_id=extract_nyt_best_sellers, execution_date=20210504T215849, start_date=20210504T220411, end_date=20210504T220413
[2021-05-04 22:04:13,548] {taskinstance.py:1246} INFO - 0 downstream tasks scheduled from follow-on schedule check
[2021-05-04 22:04:13,658] {local_task_job.py:146} INFO - Task exited with return code 0
