[2021-05-05 01:29:56,112] {taskinstance.py:877} INFO - Dependencies all met for <TaskInstance: nyt_bestsellers_ETL.load_nyt_best_sellers 2021-05-05T01:24:25.854955+00:00 [queued]>
[2021-05-05 01:29:56,274] {taskinstance.py:877} INFO - Dependencies all met for <TaskInstance: nyt_bestsellers_ETL.load_nyt_best_sellers 2021-05-05T01:24:25.854955+00:00 [queued]>
[2021-05-05 01:29:56,277] {taskinstance.py:1068} INFO - 
--------------------------------------------------------------------------------
[2021-05-05 01:29:56,280] {taskinstance.py:1069} INFO - Starting attempt 1 of 4
[2021-05-05 01:29:56,284] {taskinstance.py:1070} INFO - 
--------------------------------------------------------------------------------
[2021-05-05 01:29:56,336] {taskinstance.py:1089} INFO - Executing <Task(_PythonDecoratedOperator): load_nyt_best_sellers> on 2021-05-05T01:24:25.854955+00:00
[2021-05-05 01:29:56,356] {standard_task_runner.py:52} INFO - Started process 47 to run task
[2021-05-05 01:29:56,386] {standard_task_runner.py:76} INFO - Running: ['airflow', 'tasks', 'run', 'nyt_bestsellers_ETL', 'load_nyt_best_sellers', '2021-05-05T01:24:25.854955+00:00', '--job-id', '5', '--pool', 'default_pool', '--raw', '--subdir', 'DAGS_FOLDER/NYT_best_sellers_ETL_dag.py', '--cfg-path', '/tmp/tmpvno344ct', '--error-file', '/tmp/tmp5m1jkw1l']
[2021-05-05 01:29:56,390] {standard_task_runner.py:77} INFO - Job 5: Subtask load_nyt_best_sellers
[2021-05-05 01:29:56,581] {logging_mixin.py:104} INFO - Running <TaskInstance: nyt_bestsellers_ETL.load_nyt_best_sellers 2021-05-05T01:24:25.854955+00:00 [running]> on host 8389c6f1aaac
[2021-05-05 01:29:57,418] {taskinstance.py:1283} INFO - Exporting the following env vars:
AIRFLOW_CTX_DAG_EMAIL=thomasmolloyorm@gmail.com
AIRFLOW_CTX_DAG_OWNER=Thomas
AIRFLOW_CTX_DAG_ID=nyt_bestsellers_ETL
AIRFLOW_CTX_TASK_ID=load_nyt_best_sellers
AIRFLOW_CTX_EXECUTION_DATE=2021-05-05T01:24:25.854955+00:00
AIRFLOW_CTX_DAG_RUN_ID=scheduled__2021-05-05T01:24:25.854955+00:00
[2021-05-05 01:29:57,915] {taskinstance.py:1192} INFO - Marking task as SUCCESS. dag_id=nyt_bestsellers_ETL, task_id=load_nyt_best_sellers, execution_date=20210505T012425, start_date=20210505T012956, end_date=20210505T012957
[2021-05-05 01:29:58,029] {taskinstance.py:1246} INFO - 0 downstream tasks scheduled from follow-on schedule check
[2021-05-05 01:29:58,101] {local_task_job.py:146} INFO - Task exited with return code 0
