[2021-05-04 00:06:07,045] {taskinstance.py:877} INFO - Dependencies all met for <TaskInstance: nyt_bestsellers_ETL.extract_nyt_best_sellers 2021-05-03T22:40:21.770303+00:00 [queued]>
[2021-05-04 00:06:07,187] {taskinstance.py:877} INFO - Dependencies all met for <TaskInstance: nyt_bestsellers_ETL.extract_nyt_best_sellers 2021-05-03T22:40:21.770303+00:00 [queued]>
[2021-05-04 00:06:07,188] {taskinstance.py:1068} INFO - 
--------------------------------------------------------------------------------
[2021-05-04 00:06:07,190] {taskinstance.py:1069} INFO - Starting attempt 2 of 4
[2021-05-04 00:06:07,192] {taskinstance.py:1070} INFO - 
--------------------------------------------------------------------------------
[2021-05-04 00:06:07,254] {taskinstance.py:1089} INFO - Executing <Task(_PythonDecoratedOperator): extract_nyt_best_sellers> on 2021-05-03T22:40:21.770303+00:00
[2021-05-04 00:06:07,290] {standard_task_runner.py:52} INFO - Started process 42 to run task
[2021-05-04 00:06:07,319] {standard_task_runner.py:76} INFO - Running: ['airflow', 'tasks', 'run', 'nyt_bestsellers_ETL', 'extract_nyt_best_sellers', '2021-05-03T22:40:21.770303+00:00', '--job-id', '6', '--pool', 'default_pool', '--raw', '--subdir', 'DAGS_FOLDER/NYT_best_sellers_ETL_dag.py', '--cfg-path', '/tmp/tmpkjijlv_3', '--error-file', '/tmp/tmpf7antzry']
[2021-05-04 00:06:07,326] {standard_task_runner.py:77} INFO - Job 6: Subtask extract_nyt_best_sellers
[2021-05-04 00:06:07,662] {logging_mixin.py:104} INFO - Running <TaskInstance: nyt_bestsellers_ETL.extract_nyt_best_sellers 2021-05-03T22:40:21.770303+00:00 [running]> on host 131c21e8cb61
[2021-05-04 00:06:08,251] {taskinstance.py:1283} INFO - Exporting the following env vars:
AIRFLOW_CTX_DAG_EMAIL=thomasmolloyorm@gmail.com
AIRFLOW_CTX_DAG_OWNER=Thomas
AIRFLOW_CTX_DAG_ID=nyt_bestsellers_ETL
AIRFLOW_CTX_TASK_ID=extract_nyt_best_sellers
AIRFLOW_CTX_EXECUTION_DATE=2021-05-03T22:40:21.770303+00:00
AIRFLOW_CTX_DAG_RUN_ID=scheduled__2021-05-03T22:40:21.770303+00:00
[2021-05-04 00:06:15,921] {crypto.py:82} WARNING - empty cryptography key - values will not be stored encrypted.
[2021-05-04 00:06:16,791] {taskinstance.py:1192} INFO - Marking task as SUCCESS. dag_id=nyt_bestsellers_ETL, task_id=extract_nyt_best_sellers, execution_date=20210503T224021, start_date=20210504T000607, end_date=20210504T000616
[2021-05-04 00:06:17,491] {taskinstance.py:1246} INFO - 1 downstream tasks scheduled from follow-on schedule check
[2021-05-04 00:06:17,761] {local_task_job.py:146} INFO - Task exited with return code 0
