[2021-05-04 21:27:28,927] {taskinstance.py:877} INFO - Dependencies all met for <TaskInstance: nyt_best_sellers_email.send_email 2021-05-04T21:14:00.388150+00:00 [queued]>
[2021-05-04 21:27:28,967] {taskinstance.py:877} INFO - Dependencies all met for <TaskInstance: nyt_best_sellers_email.send_email 2021-05-04T21:14:00.388150+00:00 [queued]>
[2021-05-04 21:27:28,969] {taskinstance.py:1068} INFO - 
--------------------------------------------------------------------------------
[2021-05-04 21:27:28,973] {taskinstance.py:1069} INFO - Starting attempt 2 of 4
[2021-05-04 21:27:28,975] {taskinstance.py:1070} INFO - 
--------------------------------------------------------------------------------
[2021-05-04 21:27:29,014] {taskinstance.py:1089} INFO - Executing <Task(EmailOperator): send_email> on 2021-05-04T21:14:00.388150+00:00
[2021-05-04 21:27:29,039] {standard_task_runner.py:76} INFO - Running: ['airflow', 'tasks', 'run', 'nyt_best_sellers_email', 'send_email', '2021-05-04T21:14:00.388150+00:00', '--job-id', '41', '--pool', 'default_pool', '--raw', '--subdir', 'DAGS_FOLDER/NYT_best_sellers_email_dag.py', '--cfg-path', '/tmp/tmpw8mnu65d', '--error-file', '/tmp/tmpiymsljay']
[2021-05-04 21:27:29,042] {standard_task_runner.py:77} INFO - Job 41: Subtask send_email
[2021-05-04 21:27:29,024] {standard_task_runner.py:52} INFO - Started process 43 to run task
[2021-05-04 21:27:29,169] {logging_mixin.py:104} INFO - Running <TaskInstance: nyt_best_sellers_email.send_email 2021-05-04T21:14:00.388150+00:00 [running]> on host 7ea6c36b275b
[2021-05-04 21:27:29,287] {taskinstance.py:1283} INFO - Exporting the following env vars:
AIRFLOW_CTX_DAG_EMAIL=thomasmolloyorm@gmail.com
AIRFLOW_CTX_DAG_OWNER=Thomas
AIRFLOW_CTX_DAG_ID=nyt_best_sellers_email
AIRFLOW_CTX_TASK_ID=send_email
AIRFLOW_CTX_EXECUTION_DATE=2021-05-04T21:14:00.388150+00:00
AIRFLOW_CTX_DAG_RUN_ID=manual__2021-05-04T21:14:00.388150+00:00
[2021-05-04 21:27:29,291] {email.py:184} INFO - Email alerting: attempt 1
[2021-05-04 21:27:29,663] {email.py:196} INFO - Sent an alert email to ['tjmolloy15@gmail.com', 'thomasjeffersonmolloy@gmail.com']
[2021-05-04 21:27:30,976] {taskinstance.py:1192} INFO - Marking task as SUCCESS. dag_id=nyt_best_sellers_email, task_id=send_email, execution_date=20210504T211400, start_date=20210504T212728, end_date=20210504T212730
[2021-05-04 21:27:31,093] {taskinstance.py:1246} INFO - 0 downstream tasks scheduled from follow-on schedule check
[2021-05-04 21:27:31,186] {local_task_job.py:146} INFO - Task exited with return code 0
