[2021-05-04 01:53:16,274] {taskinstance.py:877} INFO - Dependencies all met for <TaskInstance: nyt_bestsellers_ETL.extract_nyt_best_sellers 2021-05-04T01:41:49.763355+00:00 [queued]>
[2021-05-04 01:53:16,340] {taskinstance.py:877} INFO - Dependencies all met for <TaskInstance: nyt_bestsellers_ETL.extract_nyt_best_sellers 2021-05-04T01:41:49.763355+00:00 [queued]>
[2021-05-04 01:53:16,342] {taskinstance.py:1068} INFO - 
--------------------------------------------------------------------------------
[2021-05-04 01:53:16,345] {taskinstance.py:1069} INFO - Starting attempt 1 of 4
[2021-05-04 01:53:16,347] {taskinstance.py:1070} INFO - 
--------------------------------------------------------------------------------
[2021-05-04 01:53:16,415] {taskinstance.py:1089} INFO - Executing <Task(_PythonDecoratedOperator): extract_nyt_best_sellers> on 2021-05-04T01:41:49.763355+00:00
[2021-05-04 01:53:16,437] {standard_task_runner.py:52} INFO - Started process 43 to run task
[2021-05-04 01:53:16,477] {standard_task_runner.py:76} INFO - Running: ['airflow', 'tasks', 'run', 'nyt_bestsellers_ETL', 'extract_nyt_best_sellers', '2021-05-04T01:41:49.763355+00:00', '--job-id', '3', '--pool', 'default_pool', '--raw', '--subdir', 'DAGS_FOLDER/NYT_best_sellers_ETL_dag.py', '--cfg-path', '/tmp/tmpkw170igs', '--error-file', '/tmp/tmpphehg8ih']
[2021-05-04 01:53:16,491] {standard_task_runner.py:77} INFO - Job 3: Subtask extract_nyt_best_sellers
[2021-05-04 01:53:16,901] {logging_mixin.py:104} INFO - Running <TaskInstance: nyt_bestsellers_ETL.extract_nyt_best_sellers 2021-05-04T01:41:49.763355+00:00 [running]> on host 244dd5e2b96b
[2021-05-04 01:53:17,441] {taskinstance.py:1283} INFO - Exporting the following env vars:
AIRFLOW_CTX_DAG_EMAIL=thomasmolloyorm@gmail.com
AIRFLOW_CTX_DAG_OWNER=Thomas
AIRFLOW_CTX_DAG_ID=nyt_bestsellers_ETL
AIRFLOW_CTX_TASK_ID=extract_nyt_best_sellers
AIRFLOW_CTX_EXECUTION_DATE=2021-05-04T01:41:49.763355+00:00
AIRFLOW_CTX_DAG_RUN_ID=scheduled__2021-05-04T01:41:49.763355+00:00
[2021-05-04 01:53:23,919] {crypto.py:82} WARNING - empty cryptography key - values will not be stored encrypted.
[2021-05-04 01:53:24,139] {taskinstance.py:1192} INFO - Marking task as SUCCESS. dag_id=nyt_bestsellers_ETL, task_id=extract_nyt_best_sellers, execution_date=20210504T014149, start_date=20210504T015316, end_date=20210504T015324
[2021-05-04 01:53:24,293] {taskinstance.py:1246} INFO - 1 downstream tasks scheduled from follow-on schedule check
[2021-05-04 01:53:24,402] {local_task_job.py:146} INFO - Task exited with return code 0
