[2021-05-04 22:25:28,980] {taskinstance.py:877} INFO - Dependencies all met for <TaskInstance: nyt_bestsellers_ETL.extract_nyt_best_sellers 2021-05-04T22:07:15.110261+00:00 [queued]>
[2021-05-04 22:25:29,070] {taskinstance.py:877} INFO - Dependencies all met for <TaskInstance: nyt_bestsellers_ETL.extract_nyt_best_sellers 2021-05-04T22:07:15.110261+00:00 [queued]>
[2021-05-04 22:25:29,073] {taskinstance.py:1068} INFO - 
--------------------------------------------------------------------------------
[2021-05-04 22:25:29,075] {taskinstance.py:1069} INFO - Starting attempt 2 of 4
[2021-05-04 22:25:29,079] {taskinstance.py:1070} INFO - 
--------------------------------------------------------------------------------
[2021-05-04 22:25:29,128] {taskinstance.py:1089} INFO - Executing <Task(_PythonDecoratedOperator): extract_nyt_best_sellers> on 2021-05-04T22:07:15.110261+00:00
[2021-05-04 22:25:29,137] {standard_task_runner.py:52} INFO - Started process 49 to run task
[2021-05-04 22:25:29,163] {standard_task_runner.py:76} INFO - Running: ['airflow', 'tasks', 'run', 'nyt_bestsellers_ETL', 'extract_nyt_best_sellers', '2021-05-04T22:07:15.110261+00:00', '--job-id', '56', '--pool', 'default_pool', '--raw', '--subdir', 'DAGS_FOLDER/NYT_best_sellers_ETL_dag.py', '--cfg-path', '/tmp/tmp3ngzkxw7', '--error-file', '/tmp/tmp2_jtobyj']
[2021-05-04 22:25:29,166] {standard_task_runner.py:77} INFO - Job 56: Subtask extract_nyt_best_sellers
[2021-05-04 22:25:29,317] {logging_mixin.py:104} INFO - Running <TaskInstance: nyt_bestsellers_ETL.extract_nyt_best_sellers 2021-05-04T22:07:15.110261+00:00 [running]> on host 7ea6c36b275b
[2021-05-04 22:25:29,440] {taskinstance.py:1283} INFO - Exporting the following env vars:
AIRFLOW_CTX_DAG_EMAIL=thomasmolloyorm@gmail.com
AIRFLOW_CTX_DAG_OWNER=Thomas
AIRFLOW_CTX_DAG_ID=nyt_bestsellers_ETL
AIRFLOW_CTX_TASK_ID=extract_nyt_best_sellers
AIRFLOW_CTX_EXECUTION_DATE=2021-05-04T22:07:15.110261+00:00
AIRFLOW_CTX_DAG_RUN_ID=scheduled__2021-05-04T22:07:15.110261+00:00
[2021-05-04 22:25:31,569] {taskinstance.py:1192} INFO - Marking task as SUCCESS. dag_id=nyt_bestsellers_ETL, task_id=extract_nyt_best_sellers, execution_date=20210504T220715, start_date=20210504T222528, end_date=20210504T222531
[2021-05-04 22:25:31,676] {taskinstance.py:1246} INFO - 1 downstream tasks scheduled from follow-on schedule check
[2021-05-04 22:25:31,723] {local_task_job.py:146} INFO - Task exited with return code 0
