[2021-05-04 19:25:34,040] {taskinstance.py:877} INFO - Dependencies all met for <TaskInstance: nyt_bestsellers_ETL.load_nyt_best_sellers 2021-05-04T19:15:22.136422+00:00 [queued]>
[2021-05-04 19:25:34,101] {taskinstance.py:877} INFO - Dependencies all met for <TaskInstance: nyt_bestsellers_ETL.load_nyt_best_sellers 2021-05-04T19:15:22.136422+00:00 [queued]>
[2021-05-04 19:25:34,102] {taskinstance.py:1068} INFO - 
--------------------------------------------------------------------------------
[2021-05-04 19:25:34,105] {taskinstance.py:1069} INFO - Starting attempt 1 of 4
[2021-05-04 19:25:34,106] {taskinstance.py:1070} INFO - 
--------------------------------------------------------------------------------
[2021-05-04 19:25:34,130] {taskinstance.py:1089} INFO - Executing <Task(_PythonDecoratedOperator): load_nyt_best_sellers> on 2021-05-04T19:15:22.136422+00:00
[2021-05-04 19:25:34,140] {standard_task_runner.py:52} INFO - Started process 56 to run task
[2021-05-04 19:25:34,157] {standard_task_runner.py:76} INFO - Running: ['airflow', 'tasks', 'run', 'nyt_bestsellers_ETL', 'load_nyt_best_sellers', '2021-05-04T19:15:22.136422+00:00', '--job-id', '31', '--pool', 'default_pool', '--raw', '--subdir', 'DAGS_FOLDER/NYT_best_sellers_ETL_dag.py', '--cfg-path', '/tmp/tmp8albsmrp', '--error-file', '/tmp/tmpjrh9ujf_']
[2021-05-04 19:25:34,160] {standard_task_runner.py:77} INFO - Job 31: Subtask load_nyt_best_sellers
[2021-05-04 19:25:34,265] {logging_mixin.py:104} INFO - Running <TaskInstance: nyt_bestsellers_ETL.load_nyt_best_sellers 2021-05-04T19:15:22.136422+00:00 [running]> on host 175e6ac31e6c
[2021-05-04 19:25:34,432] {taskinstance.py:1283} INFO - Exporting the following env vars:
AIRFLOW_CTX_DAG_EMAIL=thomasmolloyorm@gmail.com
AIRFLOW_CTX_DAG_OWNER=Thomas
AIRFLOW_CTX_DAG_ID=nyt_bestsellers_ETL
AIRFLOW_CTX_TASK_ID=load_nyt_best_sellers
AIRFLOW_CTX_EXECUTION_DATE=2021-05-04T19:15:22.136422+00:00
AIRFLOW_CTX_DAG_RUN_ID=scheduled__2021-05-04T19:15:22.136422+00:00
[2021-05-04 19:25:34,652] {taskinstance.py:1192} INFO - Marking task as SUCCESS. dag_id=nyt_bestsellers_ETL, task_id=load_nyt_best_sellers, execution_date=20210504T191522, start_date=20210504T192534, end_date=20210504T192534
[2021-05-04 19:25:34,724] {taskinstance.py:1246} INFO - 0 downstream tasks scheduled from follow-on schedule check
[2021-05-04 19:25:34,777] {local_task_job.py:146} INFO - Task exited with return code 0
