[2021-05-04 00:12:23,349] {taskinstance.py:877} INFO - Dependencies all met for <TaskInstance: nyt_bestsellers_ETL.extract_nyt_best_sellers 2021-05-04T00:02:02.621363+00:00 [queued]>
[2021-05-04 00:12:23,436] {taskinstance.py:877} INFO - Dependencies all met for <TaskInstance: nyt_bestsellers_ETL.extract_nyt_best_sellers 2021-05-04T00:02:02.621363+00:00 [queued]>
[2021-05-04 00:12:23,439] {taskinstance.py:1068} INFO - 
--------------------------------------------------------------------------------
[2021-05-04 00:12:23,444] {taskinstance.py:1069} INFO - Starting attempt 1 of 4
[2021-05-04 00:12:23,446] {taskinstance.py:1070} INFO - 
--------------------------------------------------------------------------------
[2021-05-04 00:12:23,526] {taskinstance.py:1089} INFO - Executing <Task(_PythonDecoratedOperator): extract_nyt_best_sellers> on 2021-05-04T00:02:02.621363+00:00
[2021-05-04 00:12:23,556] {standard_task_runner.py:52} INFO - Started process 46 to run task
[2021-05-04 00:12:23,591] {standard_task_runner.py:76} INFO - Running: ['airflow', 'tasks', 'run', 'nyt_bestsellers_ETL', 'extract_nyt_best_sellers', '2021-05-04T00:02:02.621363+00:00', '--job-id', '8', '--pool', 'default_pool', '--raw', '--subdir', 'DAGS_FOLDER/NYT_best_sellers_ETL_dag.py', '--cfg-path', '/tmp/tmp6fk_f20i', '--error-file', '/tmp/tmp6f8ico9k']
[2021-05-04 00:12:23,594] {standard_task_runner.py:77} INFO - Job 8: Subtask extract_nyt_best_sellers
[2021-05-04 00:12:23,728] {logging_mixin.py:104} INFO - Running <TaskInstance: nyt_bestsellers_ETL.extract_nyt_best_sellers 2021-05-04T00:02:02.621363+00:00 [running]> on host 131c21e8cb61
[2021-05-04 00:12:23,937] {taskinstance.py:1283} INFO - Exporting the following env vars:
AIRFLOW_CTX_DAG_EMAIL=thomasmolloyorm@gmail.com
AIRFLOW_CTX_DAG_OWNER=Thomas
AIRFLOW_CTX_DAG_ID=nyt_bestsellers_ETL
AIRFLOW_CTX_TASK_ID=extract_nyt_best_sellers
AIRFLOW_CTX_EXECUTION_DATE=2021-05-04T00:02:02.621363+00:00
AIRFLOW_CTX_DAG_RUN_ID=scheduled__2021-05-04T00:02:02.621363+00:00
[2021-05-04 00:12:27,211] {crypto.py:82} WARNING - empty cryptography key - values will not be stored encrypted.
[2021-05-04 00:12:27,873] {taskinstance.py:1192} INFO - Marking task as SUCCESS. dag_id=nyt_bestsellers_ETL, task_id=extract_nyt_best_sellers, execution_date=20210504T000202, start_date=20210504T001223, end_date=20210504T001227
[2021-05-04 00:12:28,266] {taskinstance.py:1246} INFO - 1 downstream tasks scheduled from follow-on schedule check
[2021-05-04 00:12:28,349] {local_task_job.py:146} INFO - Task exited with return code 0
