[2021-05-04 19:01:00,490] {taskinstance.py:877} INFO - Dependencies all met for <TaskInstance: nyt_bestsellers_ETL.load_nyt_best_sellers 2021-05-04T19:00:32.762282+00:00 [queued]>
[2021-05-04 19:01:00,615] {taskinstance.py:877} INFO - Dependencies all met for <TaskInstance: nyt_bestsellers_ETL.load_nyt_best_sellers 2021-05-04T19:00:32.762282+00:00 [queued]>
[2021-05-04 19:01:00,622] {taskinstance.py:1068} INFO - 
--------------------------------------------------------------------------------
[2021-05-04 19:01:00,625] {taskinstance.py:1069} INFO - Starting attempt 1 of 4
[2021-05-04 19:01:00,635] {taskinstance.py:1070} INFO - 
--------------------------------------------------------------------------------
[2021-05-04 19:01:00,680] {taskinstance.py:1089} INFO - Executing <Task(_PythonDecoratedOperator): load_nyt_best_sellers> on 2021-05-04T19:00:32.762282+00:00
[2021-05-04 19:01:00,702] {standard_task_runner.py:52} INFO - Started process 55 to run task
[2021-05-04 19:01:00,720] {standard_task_runner.py:76} INFO - Running: ['airflow', 'tasks', 'run', 'nyt_bestsellers_ETL', 'load_nyt_best_sellers', '2021-05-04T19:00:32.762282+00:00', '--job-id', '20', '--pool', 'default_pool', '--raw', '--subdir', 'DAGS_FOLDER/NYT_best_sellers_ETL_dag.py', '--cfg-path', '/tmp/tmpanvpl9o_', '--error-file', '/tmp/tmpkluuyob8']
[2021-05-04 19:01:00,723] {standard_task_runner.py:77} INFO - Job 20: Subtask load_nyt_best_sellers
[2021-05-04 19:01:00,888] {logging_mixin.py:104} INFO - Running <TaskInstance: nyt_bestsellers_ETL.load_nyt_best_sellers 2021-05-04T19:00:32.762282+00:00 [running]> on host 175e6ac31e6c
[2021-05-04 19:01:01,589] {taskinstance.py:1283} INFO - Exporting the following env vars:
AIRFLOW_CTX_DAG_EMAIL=thomasmolloyorm@gmail.com
AIRFLOW_CTX_DAG_OWNER=Thomas
AIRFLOW_CTX_DAG_ID=nyt_bestsellers_ETL
AIRFLOW_CTX_TASK_ID=load_nyt_best_sellers
AIRFLOW_CTX_EXECUTION_DATE=2021-05-04T19:00:32.762282+00:00
AIRFLOW_CTX_DAG_RUN_ID=manual__2021-05-04T19:00:32.762282+00:00
[2021-05-04 19:01:02,653] {taskinstance.py:1192} INFO - Marking task as SUCCESS. dag_id=nyt_bestsellers_ETL, task_id=load_nyt_best_sellers, execution_date=20210504T190032, start_date=20210504T190100, end_date=20210504T190102
[2021-05-04 19:01:02,852] {taskinstance.py:1246} INFO - 0 downstream tasks scheduled from follow-on schedule check
[2021-05-04 19:01:02,965] {local_task_job.py:146} INFO - Task exited with return code 0
