[2021-05-05 01:29:54,119] {taskinstance.py:877} INFO - Dependencies all met for <TaskInstance: nyt_bestsellers_ETL.transform_nyt_best_sellers 2021-05-05T01:24:25.854955+00:00 [queued]>
[2021-05-05 01:29:54,159] {taskinstance.py:877} INFO - Dependencies all met for <TaskInstance: nyt_bestsellers_ETL.transform_nyt_best_sellers 2021-05-05T01:24:25.854955+00:00 [queued]>
[2021-05-05 01:29:54,161] {taskinstance.py:1068} INFO - 
--------------------------------------------------------------------------------
[2021-05-05 01:29:54,163] {taskinstance.py:1069} INFO - Starting attempt 1 of 4
[2021-05-05 01:29:54,166] {taskinstance.py:1070} INFO - 
--------------------------------------------------------------------------------
[2021-05-05 01:29:54,190] {taskinstance.py:1089} INFO - Executing <Task(_PythonDecoratedOperator): transform_nyt_best_sellers> on 2021-05-05T01:24:25.854955+00:00
[2021-05-05 01:29:54,202] {standard_task_runner.py:52} INFO - Started process 45 to run task
[2021-05-05 01:29:54,223] {standard_task_runner.py:76} INFO - Running: ['airflow', 'tasks', 'run', 'nyt_bestsellers_ETL', 'transform_nyt_best_sellers', '2021-05-05T01:24:25.854955+00:00', '--job-id', '4', '--pool', 'default_pool', '--raw', '--subdir', 'DAGS_FOLDER/NYT_best_sellers_ETL_dag.py', '--cfg-path', '/tmp/tmplff_evn5', '--error-file', '/tmp/tmp1zv61cd3']
[2021-05-05 01:29:54,226] {standard_task_runner.py:77} INFO - Job 4: Subtask transform_nyt_best_sellers
[2021-05-05 01:29:54,338] {logging_mixin.py:104} INFO - Running <TaskInstance: nyt_bestsellers_ETL.transform_nyt_best_sellers 2021-05-05T01:24:25.854955+00:00 [running]> on host 8389c6f1aaac
[2021-05-05 01:29:54,465] {taskinstance.py:1283} INFO - Exporting the following env vars:
AIRFLOW_CTX_DAG_EMAIL=thomasmolloyorm@gmail.com
AIRFLOW_CTX_DAG_OWNER=Thomas
AIRFLOW_CTX_DAG_ID=nyt_bestsellers_ETL
AIRFLOW_CTX_TASK_ID=transform_nyt_best_sellers
AIRFLOW_CTX_EXECUTION_DATE=2021-05-05T01:24:25.854955+00:00
AIRFLOW_CTX_DAG_RUN_ID=scheduled__2021-05-05T01:24:25.854955+00:00
[2021-05-05 01:29:54,559] {taskinstance.py:1192} INFO - Marking task as SUCCESS. dag_id=nyt_bestsellers_ETL, task_id=transform_nyt_best_sellers, execution_date=20210505T012425, start_date=20210505T012954, end_date=20210505T012954
[2021-05-05 01:29:54,632] {taskinstance.py:1246} INFO - 1 downstream tasks scheduled from follow-on schedule check
[2021-05-05 01:29:54,681] {local_task_job.py:146} INFO - Task exited with return code 0
