[2021-05-04 22:25:26,728] {taskinstance.py:877} INFO - Dependencies all met for <TaskInstance: nyt_best_sellers_email.sensor 2021-05-04T22:07:00.381862+00:00 [queued]>
[2021-05-04 22:25:26,968] {taskinstance.py:877} INFO - Dependencies all met for <TaskInstance: nyt_best_sellers_email.sensor 2021-05-04T22:07:00.381862+00:00 [queued]>
[2021-05-04 22:25:26,978] {taskinstance.py:1068} INFO - 
--------------------------------------------------------------------------------
[2021-05-04 22:25:27,002] {taskinstance.py:1069} INFO - Starting attempt 2 of 4
[2021-05-04 22:25:27,005] {taskinstance.py:1070} INFO - 
--------------------------------------------------------------------------------
[2021-05-04 22:25:27,137] {taskinstance.py:1089} INFO - Executing <Task(ExternalTaskSensor): sensor> on 2021-05-04T22:07:00.381862+00:00
[2021-05-04 22:25:27,199] {standard_task_runner.py:52} INFO - Started process 46 to run task
[2021-05-04 22:25:27,311] {standard_task_runner.py:76} INFO - Running: ['airflow', 'tasks', 'run', 'nyt_best_sellers_email', 'sensor', '2021-05-04T22:07:00.381862+00:00', '--job-id', '53', '--pool', 'default_pool', '--raw', '--subdir', 'DAGS_FOLDER/NYT_best_sellers_email_dag.py', '--cfg-path', '/tmp/tmpinzpdisb', '--error-file', '/tmp/tmppf01ylb2']
[2021-05-04 22:25:27,324] {standard_task_runner.py:77} INFO - Job 53: Subtask sensor
[2021-05-04 22:25:28,056] {logging_mixin.py:104} INFO - Running <TaskInstance: nyt_best_sellers_email.sensor 2021-05-04T22:07:00.381862+00:00 [running]> on host 7ea6c36b275b
[2021-05-04 22:25:28,412] {taskinstance.py:1283} INFO - Exporting the following env vars:
AIRFLOW_CTX_DAG_EMAIL=thomasmolloyorm@gmail.com
AIRFLOW_CTX_DAG_OWNER=Thomas
AIRFLOW_CTX_DAG_ID=nyt_best_sellers_email
AIRFLOW_CTX_TASK_ID=sensor
AIRFLOW_CTX_EXECUTION_DATE=2021-05-04T22:07:00.381862+00:00
AIRFLOW_CTX_DAG_RUN_ID=scheduled__2021-05-04T22:07:00.381862+00:00
[2021-05-04 22:25:28,429] {external_task.py:154} INFO - Poking for nyt_bestsellers_ETL.load_nyt_best_sellers on 2021-05-04T22:07:00.381862+00:00 ... 
[2021-05-04 22:26:28,487] {external_task.py:154} INFO - Poking for nyt_bestsellers_ETL.load_nyt_best_sellers on 2021-05-04T22:07:00.381862+00:00 ... 
[2021-05-04 22:27:29,589] {external_task.py:154} INFO - Poking for nyt_bestsellers_ETL.load_nyt_best_sellers on 2021-05-04T22:07:00.381862+00:00 ... 
[2021-05-04 22:28:29,631] {external_task.py:154} INFO - Poking for nyt_bestsellers_ETL.load_nyt_best_sellers on 2021-05-04T22:07:00.381862+00:00 ... 
[2021-05-04 22:29:32,364] {external_task.py:154} INFO - Poking for nyt_bestsellers_ETL.load_nyt_best_sellers on 2021-05-04T22:07:00.381862+00:00 ... 
[2021-05-04 22:30:32,380] {external_task.py:154} INFO - Poking for nyt_bestsellers_ETL.load_nyt_best_sellers on 2021-05-04T22:07:00.381862+00:00 ... 
[2021-05-04 22:31:32,410] {external_task.py:154} INFO - Poking for nyt_bestsellers_ETL.load_nyt_best_sellers on 2021-05-04T22:07:00.381862+00:00 ... 
[2021-05-04 22:32:32,419] {external_task.py:154} INFO - Poking for nyt_bestsellers_ETL.load_nyt_best_sellers on 2021-05-04T22:07:00.381862+00:00 ... 
[2021-05-04 22:33:32,447] {external_task.py:154} INFO - Poking for nyt_bestsellers_ETL.load_nyt_best_sellers on 2021-05-04T22:07:00.381862+00:00 ... 
[2021-05-04 22:34:32,495] {external_task.py:154} INFO - Poking for nyt_bestsellers_ETL.load_nyt_best_sellers on 2021-05-04T22:07:00.381862+00:00 ... 
[2021-05-04 22:35:32,508] {external_task.py:154} INFO - Poking for nyt_bestsellers_ETL.load_nyt_best_sellers on 2021-05-04T22:07:00.381862+00:00 ... 
[2021-05-04 22:36:32,530] {external_task.py:154} INFO - Poking for nyt_bestsellers_ETL.load_nyt_best_sellers on 2021-05-04T22:07:00.381862+00:00 ... 
[2021-05-04 22:37:32,562] {external_task.py:154} INFO - Poking for nyt_bestsellers_ETL.load_nyt_best_sellers on 2021-05-04T22:07:00.381862+00:00 ... 
[2021-05-04 22:38:32,568] {external_task.py:154} INFO - Poking for nyt_bestsellers_ETL.load_nyt_best_sellers on 2021-05-04T22:07:00.381862+00:00 ... 
[2021-05-04 22:39:32,572] {external_task.py:154} INFO - Poking for nyt_bestsellers_ETL.load_nyt_best_sellers on 2021-05-04T22:07:00.381862+00:00 ... 
[2021-05-04 22:40:32,586] {external_task.py:154} INFO - Poking for nyt_bestsellers_ETL.load_nyt_best_sellers on 2021-05-04T22:07:00.381862+00:00 ... 
[2021-05-04 22:41:32,596] {external_task.py:154} INFO - Poking for nyt_bestsellers_ETL.load_nyt_best_sellers on 2021-05-04T22:07:00.381862+00:00 ... 
[2021-05-04 22:42:32,641] {external_task.py:154} INFO - Poking for nyt_bestsellers_ETL.load_nyt_best_sellers on 2021-05-04T22:07:00.381862+00:00 ... 
[2021-05-04 22:43:33,241] {external_task.py:154} INFO - Poking for nyt_bestsellers_ETL.load_nyt_best_sellers on 2021-05-04T22:07:00.381862+00:00 ... 
[2021-05-04 22:44:33,259] {external_task.py:154} INFO - Poking for nyt_bestsellers_ETL.load_nyt_best_sellers on 2021-05-04T22:07:00.381862+00:00 ... 
[2021-05-04 22:45:33,296] {external_task.py:154} INFO - Poking for nyt_bestsellers_ETL.load_nyt_best_sellers on 2021-05-04T22:07:00.381862+00:00 ... 
[2021-05-04 22:46:33,298] {external_task.py:154} INFO - Poking for nyt_bestsellers_ETL.load_nyt_best_sellers on 2021-05-04T22:07:00.381862+00:00 ... 
[2021-05-04 22:47:33,285] {external_task.py:154} INFO - Poking for nyt_bestsellers_ETL.load_nyt_best_sellers on 2021-05-04T22:07:00.381862+00:00 ... 
[2021-05-04 22:47:41,392] {local_task_job.py:77} ERROR - Received SIGTERM. Terminating subprocesses
[2021-05-04 22:47:41,435] {process_utils.py:100} INFO - Sending Signals.SIGTERM to GPID 46
[2021-05-04 22:47:41,527] {taskinstance.py:1265} ERROR - Received SIGTERM. Terminating subprocesses.
[2021-05-04 22:47:41,845] {taskinstance.py:1482} ERROR - Task failed with exception
Traceback (most recent call last):
  File "/home/airflow/.local/lib/python3.6/site-packages/airflow/models/taskinstance.py", line 1138, in _run_raw_task
    self._prepare_and_execute_task_with_callbacks(context, task)
  File "/home/airflow/.local/lib/python3.6/site-packages/airflow/models/taskinstance.py", line 1311, in _prepare_and_execute_task_with_callbacks
    result = self._execute_task(context, task_copy)
  File "/home/airflow/.local/lib/python3.6/site-packages/airflow/models/taskinstance.py", line 1341, in _execute_task
    result = task_copy.execute(context=context)
  File "/home/airflow/.local/lib/python3.6/site-packages/airflow/sensors/base.py", line 243, in execute
    time.sleep(self._get_next_poke_interval(started_at, run_duration, try_number))
  File "/home/airflow/.local/lib/python3.6/site-packages/airflow/models/taskinstance.py", line 1267, in signal_handler
    raise AirflowException("Task received SIGTERM signal")
airflow.exceptions.AirflowException: Task received SIGTERM signal
[2021-05-04 22:47:42,077] {taskinstance.py:1532} INFO - Marking task as UP_FOR_RETRY. dag_id=nyt_best_sellers_email, task_id=sensor, execution_date=20210504T220700, start_date=20210504T222526, end_date=20210504T224741
[2021-05-04 22:47:46,195] {process_utils.py:66} INFO - Process psutil.Process(pid=46, status='terminated', exitcode=1, started='22:25:26') (46) terminated with exit code 1
