[2021-05-04 18:04:51,327] {taskinstance.py:877} INFO - Dependencies all met for <TaskInstance: nyt_bestsellers_ETL.extract_nyt_best_sellers 2021-05-04T17:54:31.576272+00:00 [queued]>
[2021-05-04 18:04:51,518] {taskinstance.py:877} INFO - Dependencies all met for <TaskInstance: nyt_bestsellers_ETL.extract_nyt_best_sellers 2021-05-04T17:54:31.576272+00:00 [queued]>
[2021-05-04 18:04:51,520] {taskinstance.py:1068} INFO - 
--------------------------------------------------------------------------------
[2021-05-04 18:04:51,522] {taskinstance.py:1069} INFO - Starting attempt 1 of 4
[2021-05-04 18:04:51,525] {taskinstance.py:1070} INFO - 
--------------------------------------------------------------------------------
[2021-05-04 18:04:51,739] {taskinstance.py:1089} INFO - Executing <Task(_PythonDecoratedOperator): extract_nyt_best_sellers> on 2021-05-04T17:54:31.576272+00:00
[2021-05-04 18:04:51,790] {standard_task_runner.py:76} INFO - Running: ['airflow', 'tasks', 'run', 'nyt_bestsellers_ETL', 'extract_nyt_best_sellers', '2021-05-04T17:54:31.576272+00:00', '--job-id', '4', '--pool', 'default_pool', '--raw', '--subdir', 'DAGS_FOLDER/NYT_best_sellers_ETL_dag.py', '--cfg-path', '/tmp/tmp38grfpc_', '--error-file', '/tmp/tmpp1qpkeia']
[2021-05-04 18:04:51,796] {standard_task_runner.py:77} INFO - Job 4: Subtask extract_nyt_best_sellers
[2021-05-04 18:04:51,781] {standard_task_runner.py:52} INFO - Started process 46 to run task
[2021-05-04 18:04:52,146] {logging_mixin.py:104} INFO - Running <TaskInstance: nyt_bestsellers_ETL.extract_nyt_best_sellers 2021-05-04T17:54:31.576272+00:00 [running]> on host 175e6ac31e6c
[2021-05-04 18:04:52,363] {taskinstance.py:1283} INFO - Exporting the following env vars:
AIRFLOW_CTX_DAG_EMAIL=thomasmolloyorm@gmail.com
AIRFLOW_CTX_DAG_OWNER=Thomas
AIRFLOW_CTX_DAG_ID=nyt_bestsellers_ETL
AIRFLOW_CTX_TASK_ID=extract_nyt_best_sellers
AIRFLOW_CTX_EXECUTION_DATE=2021-05-04T17:54:31.576272+00:00
AIRFLOW_CTX_DAG_RUN_ID=scheduled__2021-05-04T17:54:31.576272+00:00
[2021-05-04 18:04:56,022] {taskinstance.py:1192} INFO - Marking task as SUCCESS. dag_id=nyt_bestsellers_ETL, task_id=extract_nyt_best_sellers, execution_date=20210504T175431, start_date=20210504T180451, end_date=20210504T180456
[2021-05-04 18:04:57,246] {taskinstance.py:1246} INFO - 1 downstream tasks scheduled from follow-on schedule check
[2021-05-04 18:04:57,386] {local_task_job.py:188} WARNING - State of this instance has been externally set to success. Terminating instance.
[2021-05-04 18:04:57,401] {process_utils.py:100} INFO - Sending Signals.SIGTERM to GPID 46
[2021-05-04 18:04:57,520] {process_utils.py:66} INFO - Process psutil.Process(pid=46, status='terminated', exitcode=0, started='18:04:51') (46) terminated with exit code 0
