[2021-05-04 18:55:27,151] {taskinstance.py:877} INFO - Dependencies all met for <TaskInstance: nyt_best_sellers_email.update_sensor 2021-05-04T18:45:21.685388+00:00 [queued]>
[2021-05-04 18:55:27,466] {taskinstance.py:877} INFO - Dependencies all met for <TaskInstance: nyt_best_sellers_email.update_sensor 2021-05-04T18:45:21.685388+00:00 [queued]>
[2021-05-04 18:55:27,470] {taskinstance.py:1068} INFO - 
--------------------------------------------------------------------------------
[2021-05-04 18:55:27,480] {taskinstance.py:1069} INFO - Starting attempt 1 of 4
[2021-05-04 18:55:27,483] {taskinstance.py:1070} INFO - 
--------------------------------------------------------------------------------
[2021-05-04 18:55:27,621] {taskinstance.py:1089} INFO - Executing <Task(ExternalTaskSensor): update_sensor> on 2021-05-04T18:45:21.685388+00:00
[2021-05-04 18:55:27,719] {standard_task_runner.py:52} INFO - Started process 45 to run task
[2021-05-04 18:55:27,818] {standard_task_runner.py:76} INFO - Running: ['airflow', 'tasks', 'run', 'nyt_best_sellers_email', 'update_sensor', '2021-05-04T18:45:21.685388+00:00', '--job-id', '15', '--pool', 'default_pool', '--raw', '--subdir', 'DAGS_FOLDER/NYT_best_sellers_email_dag.py', '--cfg-path', '/tmp/tmputt71ymz', '--error-file', '/tmp/tmpnyv2yewl']
[2021-05-04 18:55:27,873] {standard_task_runner.py:77} INFO - Job 15: Subtask update_sensor
[2021-05-04 18:55:29,089] {logging_mixin.py:104} INFO - Running <TaskInstance: nyt_best_sellers_email.update_sensor 2021-05-04T18:45:21.685388+00:00 [running]> on host 175e6ac31e6c
[2021-05-04 18:55:30,787] {taskinstance.py:1283} INFO - Exporting the following env vars:
AIRFLOW_CTX_DAG_EMAIL=thomasmolloyorm@gmail.com
AIRFLOW_CTX_DAG_OWNER=Thomas
AIRFLOW_CTX_DAG_ID=nyt_best_sellers_email
AIRFLOW_CTX_TASK_ID=update_sensor
AIRFLOW_CTX_EXECUTION_DATE=2021-05-04T18:45:21.685388+00:00
AIRFLOW_CTX_DAG_RUN_ID=scheduled__2021-05-04T18:45:21.685388+00:00
[2021-05-04 18:55:30,807] {external_task.py:154} INFO - Poking for nyt_bestsellers_etl.load_nyt_best_sellers on 2021-05-04T18:45:21.685388+00:00 ... 
[2021-05-04 18:56:30,982] {external_task.py:154} INFO - Poking for nyt_bestsellers_etl.load_nyt_best_sellers on 2021-05-04T18:45:21.685388+00:00 ... 
[2021-05-04 18:57:30,998] {external_task.py:154} INFO - Poking for nyt_bestsellers_etl.load_nyt_best_sellers on 2021-05-04T18:45:21.685388+00:00 ... 
[2021-05-04 18:58:30,913] {external_task.py:154} INFO - Poking for nyt_bestsellers_etl.load_nyt_best_sellers on 2021-05-04T18:45:21.685388+00:00 ... 
[2021-05-04 18:59:31,076] {external_task.py:154} INFO - Poking for nyt_bestsellers_etl.load_nyt_best_sellers on 2021-05-04T18:45:21.685388+00:00 ... 
[2021-05-04 19:00:31,099] {external_task.py:154} INFO - Poking for nyt_bestsellers_etl.load_nyt_best_sellers on 2021-05-04T18:45:21.685388+00:00 ... 
[2021-05-04 19:01:31,440] {external_task.py:154} INFO - Poking for nyt_bestsellers_etl.load_nyt_best_sellers on 2021-05-04T18:45:21.685388+00:00 ... 
[2021-05-04 19:02:31,448] {external_task.py:154} INFO - Poking for nyt_bestsellers_etl.load_nyt_best_sellers on 2021-05-04T18:45:21.685388+00:00 ... 
[2021-05-04 19:03:31,463] {external_task.py:154} INFO - Poking for nyt_bestsellers_etl.load_nyt_best_sellers on 2021-05-04T18:45:21.685388+00:00 ... 
[2021-05-04 19:04:31,466] {external_task.py:154} INFO - Poking for nyt_bestsellers_etl.load_nyt_best_sellers on 2021-05-04T18:45:21.685388+00:00 ... 
[2021-05-04 19:05:31,530] {external_task.py:154} INFO - Poking for nyt_bestsellers_etl.load_nyt_best_sellers on 2021-05-04T18:45:21.685388+00:00 ... 
[2021-05-04 19:06:31,649] {external_task.py:154} INFO - Poking for nyt_bestsellers_etl.load_nyt_best_sellers on 2021-05-04T18:45:21.685388+00:00 ... 
[2021-05-04 19:07:31,664] {external_task.py:154} INFO - Poking for nyt_bestsellers_etl.load_nyt_best_sellers on 2021-05-04T18:45:21.685388+00:00 ... 
[2021-05-04 19:08:31,695] {external_task.py:154} INFO - Poking for nyt_bestsellers_etl.load_nyt_best_sellers on 2021-05-04T18:45:21.685388+00:00 ... 
[2021-05-04 19:09:31,737] {external_task.py:154} INFO - Poking for nyt_bestsellers_etl.load_nyt_best_sellers on 2021-05-04T18:45:21.685388+00:00 ... 
[2021-05-04 19:10:31,756] {external_task.py:154} INFO - Poking for nyt_bestsellers_etl.load_nyt_best_sellers on 2021-05-04T18:45:21.685388+00:00 ... 
[2021-05-04 19:10:37,180] {local_task_job.py:77} ERROR - Received SIGTERM. Terminating subprocesses
[2021-05-04 19:10:37,230] {process_utils.py:100} INFO - Sending Signals.SIGTERM to GPID 45
[2021-05-04 19:10:37,235] {taskinstance.py:1265} ERROR - Received SIGTERM. Terminating subprocesses.
[2021-05-04 19:10:37,707] {taskinstance.py:1482} ERROR - Task failed with exception
Traceback (most recent call last):
  File "/home/airflow/.local/lib/python3.6/site-packages/airflow/models/taskinstance.py", line 1138, in _run_raw_task
    self._prepare_and_execute_task_with_callbacks(context, task)
  File "/home/airflow/.local/lib/python3.6/site-packages/airflow/models/taskinstance.py", line 1311, in _prepare_and_execute_task_with_callbacks
    result = self._execute_task(context, task_copy)
  File "/home/airflow/.local/lib/python3.6/site-packages/airflow/models/taskinstance.py", line 1341, in _execute_task
    result = task_copy.execute(context=context)
  File "/home/airflow/.local/lib/python3.6/site-packages/airflow/sensors/base.py", line 243, in execute
    time.sleep(self._get_next_poke_interval(started_at, run_duration, try_number))
  File "/home/airflow/.local/lib/python3.6/site-packages/airflow/models/taskinstance.py", line 1267, in signal_handler
    raise AirflowException("Task received SIGTERM signal")
airflow.exceptions.AirflowException: Task received SIGTERM signal
[2021-05-04 19:10:38,569] {taskinstance.py:1532} INFO - Marking task as UP_FOR_RETRY. dag_id=nyt_best_sellers_email, task_id=update_sensor, execution_date=20210504T184521, start_date=20210504T185527, end_date=20210504T191037
[2021-05-04 19:10:41,355] {process_utils.py:66} INFO - Process psutil.Process(pid=45, status='terminated', exitcode=1, started='18:55:27') (45) terminated with exit code 1
