[2021-05-04 19:15:45,596] {taskinstance.py:877} INFO - Dependencies all met for <TaskInstance: nyt_bestsellers_ETL.transform_nyt_best_sellers 2021-05-04T19:05:22.136422+00:00 [queued]>
[2021-05-04 19:15:45,689] {taskinstance.py:877} INFO - Dependencies all met for <TaskInstance: nyt_bestsellers_ETL.transform_nyt_best_sellers 2021-05-04T19:05:22.136422+00:00 [queued]>
[2021-05-04 19:15:45,691] {taskinstance.py:1068} INFO - 
--------------------------------------------------------------------------------
[2021-05-04 19:15:45,693] {taskinstance.py:1069} INFO - Starting attempt 1 of 4
[2021-05-04 19:15:45,695] {taskinstance.py:1070} INFO - 
--------------------------------------------------------------------------------
[2021-05-04 19:15:45,724] {taskinstance.py:1089} INFO - Executing <Task(_PythonDecoratedOperator): transform_nyt_best_sellers> on 2021-05-04T19:05:22.136422+00:00
[2021-05-04 19:15:45,737] {standard_task_runner.py:52} INFO - Started process 46 to run task
[2021-05-04 19:15:45,777] {standard_task_runner.py:76} INFO - Running: ['airflow', 'tasks', 'run', 'nyt_bestsellers_ETL', 'transform_nyt_best_sellers', '2021-05-04T19:05:22.136422+00:00', '--job-id', '26', '--pool', 'default_pool', '--raw', '--subdir', 'DAGS_FOLDER/NYT_best_sellers_ETL_dag.py', '--cfg-path', '/tmp/tmppmohvb6u', '--error-file', '/tmp/tmpza8fh85a']
[2021-05-04 19:15:45,784] {standard_task_runner.py:77} INFO - Job 26: Subtask transform_nyt_best_sellers
[2021-05-04 19:15:45,945] {logging_mixin.py:104} INFO - Running <TaskInstance: nyt_bestsellers_ETL.transform_nyt_best_sellers 2021-05-04T19:05:22.136422+00:00 [running]> on host 175e6ac31e6c
[2021-05-04 19:15:46,215] {taskinstance.py:1283} INFO - Exporting the following env vars:
AIRFLOW_CTX_DAG_EMAIL=thomasmolloyorm@gmail.com
AIRFLOW_CTX_DAG_OWNER=Thomas
AIRFLOW_CTX_DAG_ID=nyt_bestsellers_ETL
AIRFLOW_CTX_TASK_ID=transform_nyt_best_sellers
AIRFLOW_CTX_EXECUTION_DATE=2021-05-04T19:05:22.136422+00:00
AIRFLOW_CTX_DAG_RUN_ID=scheduled__2021-05-04T19:05:22.136422+00:00
[2021-05-04 19:15:46,385] {taskinstance.py:1192} INFO - Marking task as SUCCESS. dag_id=nyt_bestsellers_ETL, task_id=transform_nyt_best_sellers, execution_date=20210504T190522, start_date=20210504T191545, end_date=20210504T191546
[2021-05-04 19:15:46,550] {taskinstance.py:1246} INFO - 1 downstream tasks scheduled from follow-on schedule check
[2021-05-04 19:15:46,659] {local_task_job.py:146} INFO - Task exited with return code 0
