[2021-05-04 19:33:38,766] {taskinstance.py:877} INFO - Dependencies all met for <TaskInstance: nyt_bestsellers_ETL.extract_nyt_best_sellers 2021-05-04T19:23:32.206172+00:00 [queued]>
[2021-05-04 19:33:38,806] {taskinstance.py:877} INFO - Dependencies all met for <TaskInstance: nyt_bestsellers_ETL.extract_nyt_best_sellers 2021-05-04T19:23:32.206172+00:00 [queued]>
[2021-05-04 19:33:38,808] {taskinstance.py:1068} INFO - 
--------------------------------------------------------------------------------
[2021-05-04 19:33:38,810] {taskinstance.py:1069} INFO - Starting attempt 1 of 4
[2021-05-04 19:33:38,811] {taskinstance.py:1070} INFO - 
--------------------------------------------------------------------------------
[2021-05-04 19:33:38,833] {taskinstance.py:1089} INFO - Executing <Task(_PythonDecoratedOperator): extract_nyt_best_sellers> on 2021-05-04T19:23:32.206172+00:00
[2021-05-04 19:33:38,841] {standard_task_runner.py:52} INFO - Started process 46 to run task
[2021-05-04 19:33:38,854] {standard_task_runner.py:76} INFO - Running: ['airflow', 'tasks', 'run', 'nyt_bestsellers_ETL', 'extract_nyt_best_sellers', '2021-05-04T19:23:32.206172+00:00', '--job-id', '34', '--pool', 'default_pool', '--raw', '--subdir', 'DAGS_FOLDER/NYT_best_sellers_ETL_dag.py', '--cfg-path', '/tmp/tmp_ih3b079', '--error-file', '/tmp/tmplbdzduq8']
[2021-05-04 19:33:38,856] {standard_task_runner.py:77} INFO - Job 34: Subtask extract_nyt_best_sellers
[2021-05-04 19:33:38,953] {logging_mixin.py:104} INFO - Running <TaskInstance: nyt_bestsellers_ETL.extract_nyt_best_sellers 2021-05-04T19:23:32.206172+00:00 [running]> on host a610db18d944
[2021-05-04 19:33:39,037] {taskinstance.py:1283} INFO - Exporting the following env vars:
AIRFLOW_CTX_DAG_EMAIL=thomasmolloyorm@gmail.com
AIRFLOW_CTX_DAG_OWNER=Thomas
AIRFLOW_CTX_DAG_ID=nyt_bestsellers_ETL
AIRFLOW_CTX_TASK_ID=extract_nyt_best_sellers
AIRFLOW_CTX_EXECUTION_DATE=2021-05-04T19:23:32.206172+00:00
AIRFLOW_CTX_DAG_RUN_ID=scheduled__2021-05-04T19:23:32.206172+00:00
[2021-05-04 19:33:40,456] {taskinstance.py:1192} INFO - Marking task as SUCCESS. dag_id=nyt_bestsellers_ETL, task_id=extract_nyt_best_sellers, execution_date=20210504T192332, start_date=20210504T193338, end_date=20210504T193340
[2021-05-04 19:33:40,576] {taskinstance.py:1246} INFO - 1 downstream tasks scheduled from follow-on schedule check
[2021-05-04 19:33:40,632] {local_task_job.py:146} INFO - Task exited with return code 0
