[2021-05-04 22:25:27,066] {taskinstance.py:877} INFO - Dependencies all met for <TaskInstance: nyt_best_sellers_email.sensor 2021-05-04T22:17:55.759911+00:00 [queued]>
[2021-05-04 22:25:27,249] {taskinstance.py:877} INFO - Dependencies all met for <TaskInstance: nyt_best_sellers_email.sensor 2021-05-04T22:17:55.759911+00:00 [queued]>
[2021-05-04 22:25:27,262] {taskinstance.py:1068} INFO - 
--------------------------------------------------------------------------------
[2021-05-04 22:25:27,264] {taskinstance.py:1069} INFO - Starting attempt 1 of 4
[2021-05-04 22:25:27,268] {taskinstance.py:1070} INFO - 
--------------------------------------------------------------------------------
[2021-05-04 22:25:27,419] {taskinstance.py:1089} INFO - Executing <Task(ExternalTaskSensor): sensor> on 2021-05-04T22:17:55.759911+00:00
[2021-05-04 22:25:27,517] {standard_task_runner.py:52} INFO - Started process 48 to run task
[2021-05-04 22:25:27,604] {standard_task_runner.py:76} INFO - Running: ['airflow', 'tasks', 'run', 'nyt_best_sellers_email', 'sensor', '2021-05-04T22:17:55.759911+00:00', '--job-id', '55', '--pool', 'default_pool', '--raw', '--subdir', 'DAGS_FOLDER/NYT_best_sellers_email_dag.py', '--cfg-path', '/tmp/tmpwrrbe60s', '--error-file', '/tmp/tmp228i1bgo']
[2021-05-04 22:25:27,614] {standard_task_runner.py:77} INFO - Job 55: Subtask sensor
[2021-05-04 22:25:28,101] {logging_mixin.py:104} INFO - Running <TaskInstance: nyt_best_sellers_email.sensor 2021-05-04T22:17:55.759911+00:00 [running]> on host 7ea6c36b275b
[2021-05-04 22:25:28,461] {taskinstance.py:1283} INFO - Exporting the following env vars:
AIRFLOW_CTX_DAG_EMAIL=thomasmolloyorm@gmail.com
AIRFLOW_CTX_DAG_OWNER=Thomas
AIRFLOW_CTX_DAG_ID=nyt_best_sellers_email
AIRFLOW_CTX_TASK_ID=sensor
AIRFLOW_CTX_EXECUTION_DATE=2021-05-04T22:17:55.759911+00:00
AIRFLOW_CTX_DAG_RUN_ID=scheduled__2021-05-04T22:17:55.759911+00:00
[2021-05-04 22:25:28,466] {external_task.py:154} INFO - Poking for nyt_bestsellers_ETL.load_nyt_best_sellers on 2021-05-04T22:17:55.759911+00:00 ... 
[2021-05-04 22:26:28,560] {external_task.py:154} INFO - Poking for nyt_bestsellers_ETL.load_nyt_best_sellers on 2021-05-04T22:17:55.759911+00:00 ... 
[2021-05-04 22:27:29,518] {external_task.py:154} INFO - Poking for nyt_bestsellers_ETL.load_nyt_best_sellers on 2021-05-04T22:17:55.759911+00:00 ... 
[2021-05-04 22:28:29,537] {external_task.py:154} INFO - Poking for nyt_bestsellers_ETL.load_nyt_best_sellers on 2021-05-04T22:17:55.759911+00:00 ... 
[2021-05-04 22:29:29,622] {external_task.py:154} INFO - Poking for nyt_bestsellers_ETL.load_nyt_best_sellers on 2021-05-04T22:17:55.759911+00:00 ... 
[2021-05-04 22:30:29,645] {external_task.py:154} INFO - Poking for nyt_bestsellers_ETL.load_nyt_best_sellers on 2021-05-04T22:17:55.759911+00:00 ... 
[2021-05-04 22:31:29,665] {external_task.py:154} INFO - Poking for nyt_bestsellers_ETL.load_nyt_best_sellers on 2021-05-04T22:17:55.759911+00:00 ... 
[2021-05-04 22:32:29,683] {external_task.py:154} INFO - Poking for nyt_bestsellers_ETL.load_nyt_best_sellers on 2021-05-04T22:17:55.759911+00:00 ... 
[2021-05-04 22:33:29,722] {external_task.py:154} INFO - Poking for nyt_bestsellers_ETL.load_nyt_best_sellers on 2021-05-04T22:17:55.759911+00:00 ... 
[2021-05-04 22:34:29,744] {external_task.py:154} INFO - Poking for nyt_bestsellers_ETL.load_nyt_best_sellers on 2021-05-04T22:17:55.759911+00:00 ... 
[2021-05-04 22:35:30,074] {external_task.py:154} INFO - Poking for nyt_bestsellers_ETL.load_nyt_best_sellers on 2021-05-04T22:17:55.759911+00:00 ... 
[2021-05-04 22:36:30,478] {external_task.py:154} INFO - Poking for nyt_bestsellers_ETL.load_nyt_best_sellers on 2021-05-04T22:17:55.759911+00:00 ... 
[2021-05-04 22:37:30,498] {external_task.py:154} INFO - Poking for nyt_bestsellers_ETL.load_nyt_best_sellers on 2021-05-04T22:17:55.759911+00:00 ... 
[2021-05-04 22:38:30,516] {external_task.py:154} INFO - Poking for nyt_bestsellers_ETL.load_nyt_best_sellers on 2021-05-04T22:17:55.759911+00:00 ... 
[2021-05-04 22:39:30,504] {external_task.py:154} INFO - Poking for nyt_bestsellers_ETL.load_nyt_best_sellers on 2021-05-04T22:17:55.759911+00:00 ... 
[2021-05-04 22:40:30,529] {external_task.py:154} INFO - Poking for nyt_bestsellers_ETL.load_nyt_best_sellers on 2021-05-04T22:17:55.759911+00:00 ... 
[2021-05-04 22:41:30,515] {external_task.py:154} INFO - Poking for nyt_bestsellers_ETL.load_nyt_best_sellers on 2021-05-04T22:17:55.759911+00:00 ... 
[2021-05-04 22:42:30,500] {external_task.py:154} INFO - Poking for nyt_bestsellers_ETL.load_nyt_best_sellers on 2021-05-04T22:17:55.759911+00:00 ... 
[2021-05-04 22:43:30,511] {external_task.py:154} INFO - Poking for nyt_bestsellers_ETL.load_nyt_best_sellers on 2021-05-04T22:17:55.759911+00:00 ... 
[2021-05-04 22:44:30,530] {external_task.py:154} INFO - Poking for nyt_bestsellers_ETL.load_nyt_best_sellers on 2021-05-04T22:17:55.759911+00:00 ... 
[2021-05-04 22:45:30,535] {external_task.py:154} INFO - Poking for nyt_bestsellers_ETL.load_nyt_best_sellers on 2021-05-04T22:17:55.759911+00:00 ... 
[2021-05-04 22:46:30,523] {external_task.py:154} INFO - Poking for nyt_bestsellers_ETL.load_nyt_best_sellers on 2021-05-04T22:17:55.759911+00:00 ... 
[2021-05-04 22:47:30,544] {external_task.py:154} INFO - Poking for nyt_bestsellers_ETL.load_nyt_best_sellers on 2021-05-04T22:17:55.759911+00:00 ... 
[2021-05-04 22:47:41,362] {local_task_job.py:77} ERROR - Received SIGTERM. Terminating subprocesses
[2021-05-04 22:47:41,410] {process_utils.py:100} INFO - Sending Signals.SIGTERM to GPID 48
[2021-05-04 22:47:41,450] {taskinstance.py:1265} ERROR - Received SIGTERM. Terminating subprocesses.
[2021-05-04 22:47:41,644] {taskinstance.py:1482} ERROR - Task failed with exception
Traceback (most recent call last):
  File "/home/airflow/.local/lib/python3.6/site-packages/airflow/models/taskinstance.py", line 1138, in _run_raw_task
    self._prepare_and_execute_task_with_callbacks(context, task)
  File "/home/airflow/.local/lib/python3.6/site-packages/airflow/models/taskinstance.py", line 1311, in _prepare_and_execute_task_with_callbacks
    result = self._execute_task(context, task_copy)
  File "/home/airflow/.local/lib/python3.6/site-packages/airflow/models/taskinstance.py", line 1341, in _execute_task
    result = task_copy.execute(context=context)
  File "/home/airflow/.local/lib/python3.6/site-packages/airflow/sensors/base.py", line 243, in execute
    time.sleep(self._get_next_poke_interval(started_at, run_duration, try_number))
  File "/home/airflow/.local/lib/python3.6/site-packages/airflow/models/taskinstance.py", line 1267, in signal_handler
    raise AirflowException("Task received SIGTERM signal")
airflow.exceptions.AirflowException: Task received SIGTERM signal
[2021-05-04 22:47:42,261] {taskinstance.py:1532} INFO - Marking task as UP_FOR_RETRY. dag_id=nyt_best_sellers_email, task_id=sensor, execution_date=20210504T221755, start_date=20210504T222527, end_date=20210504T224742
[2021-05-04 22:47:46,591] {process_utils.py:66} INFO - Process psutil.Process(pid=48, status='terminated', exitcode=1, started='22:25:26') (48) terminated with exit code 1
